Base path: 'C:/Program Files/Unity/Hub/Editor/2019.4.40f1/Editor/Data', plugins path 'C:/Program Files/Unity/Hub/Editor/2019.4.40f1/Editor/Data/PlaybackEngines'
Cmd: initializeCompiler
Cmd: compileSnippet
  api=4 type=1 insize=2318 outsize=10566 kw=FOG_EXP2 _ADDITIONAL_LIGHTS _MAIN_LIGHT_SHADOWS _MAIN_LIGHT_SHADOWS_CASCADE _ADDITIONAL_LIGHT_SHADOWS _SHADOWS_SOFT _METALLICSPECGLOSSMAP _OCCLUSIONMAP pd=UNITY_ENABLE_REFLECTION_BUFFERS UNITY_USE_DITHER_MASK_FOR_ALPHABLENDED_SHADOWS UNITY_PBS_USE_BRDF1 UNITY_SPECCUBE_BOX_PROJECTION UNITY_SPECCUBE_BLENDING UNITY_ENABLE_DETAIL_NORMALMAP SHADER_API_DESKTOP UNITY_LIGHT_PROBE_PROXY_VOLUME UNITY_LIGHTMAP_RGBM_ENCODING ok=1
Cmd: compileSnippet
  api=4 type=0 insize=2318 outsize=1874 kw=LIGHTMAP_ON FOG_EXP2 _ADDITIONAL_LIGHTS _MAIN_LIGHT_SHADOWS _MAIN_LIGHT_SHADOWS_CASCADE _ADDITIONAL_LIGHT_SHADOWS _SHADOWS_SOFT _SMOOTHNESS_TEXTURE_ALBEDO_CHANNEL_A _NORMALMAP pd=UNITY_ENABLE_REFLECTION_BUFFERS UNITY_USE_DITHER_MASK_FOR_ALPHABLENDED_SHADOWS UNITY_PBS_USE_BRDF1 UNITY_SPECCUBE_BOX_PROJECTION UNITY_SPECCUBE_BLENDING UNITY_ENABLE_DETAIL_NORMALMAP SHADER_API_DESKTOP UNITY_LIGHT_PROBE_PROXY_VOLUME UNITY_LIGHTMAP_RGBM_ENCODING ok=1
Cmd: initializeCompiler
Cmd: compileComputeKernel
  api=4 insize=12109 outsize=1027 ok=1
Cmd: compileComputeKernel
  api=4 insize=12109 outsize=1579 ok=1
Cmd: compileComputeKernel
  api=4 insize=11985 outsize=1465 ok=1
Cmd: compileComputeKernel
  api=4 insize=11985 outsize=1494 ok=1
Cmd: compileComputeKernel
  api=4 insize=18301 outsize=3063 ok=1
Cmd: compileComputeKernel
  api=4 insize=66874 outsize=1579 ok=1
Cmd: compileComputeKernel
  api=4 insize=66874 outsize=1634 ok=1
Cmd: compileComputeKernel
  api=4 insize=66874 outsize=2077 ok=1
Cmd: compileComputeKernel
  api=4 insize=66874 outsize=3271 ok=1
Cmd: compileComputeKernel
  api=4 insize=66874 outsize=1364 ok=1
Cmd: compileComputeKernel
  api=4 insize=66874 outsize=1326 ok=1
Cmd: compileComputeKernel
  api=4 insize=66874 outsize=1301 ok=1
Cmd: compileComputeKernel
  api=4 insize=66874 outsize=3836 ok=1
Cmd: compileComputeKernel
  api=4 insize=66874 outsize=921 ok=1
Cmd: compileComputeKernel
  api=4 insize=34089 outsize=677 ok=1
Cmd: compileComputeKernel
  api=4 insize=34089 outsize=1157 ok=1
Cmd: compileComputeKernel
  api=4 insize=34089 outsize=855 ok=1
Cmd: compileComputeKernel
  api=4 insize=34089 outsize=796 ok=1
Cmd: compileComputeKernel
  api=4 insize=34089 outsize=700 ok=1
Cmd: compileComputeKernel
  api=4 insize=34089 outsize=1269 ok=1
Cmd: compileComputeKernel
  api=4 insize=34089 outsize=1547 ok=1
Cmd: compileComputeKernel
  api=4 insize=34089 outsize=1346 ok=1
Cmd: compileComputeKernel
  api=4 insize=34089 outsize=1402 ok=1
Cmd: compileComputeKernel
  api=4 insize=34089 outsize=1311 ok=1
Cmd: compileComputeKernel
  api=4 insize=34089 outsize=1631 ok=1
Cmd: compileComputeKernel
  api=4 insize=79248 outsize=14204 ok=1
Cmd: compileComputeKernel
  api=4 insize=79248 outsize=3084 ok=1
Cmd: compileComputeKernel
  api=4 insize=79248 outsize=3725 ok=1
Cmd: compileComputeKernel
  api=4 insize=79248 outsize=1572 ok=1
Cmd: compileComputeKernel
  api=4 insize=79248 outsize=1905 ok=1
Cmd: compileComputeKernel
  api=4 insize=79248 outsize=12876 ok=1
Cmd: initializeCompiler
Cmd: compileSnippet
  api=4 type=0 insize=2318 outsize=1718 kw=_MAIN_LIGHT_SHADOWS _MAIN_LIGHT_SHADOWS_CASCADE _SHADOWS_SOFT pd=UNITY_ENABLE_REFLECTION_BUFFERS UNITY_USE_DITHER_MASK_FOR_ALPHABLENDED_SHADOWS UNITY_PBS_USE_BRDF1 UNITY_SPECCUBE_BOX_PROJECTION UNITY_SPECCUBE_BLENDING UNITY_ENABLE_DETAIL_NORMALMAP SHADER_API_DESKTOP UNITY_LIGHT_PROBE_PROXY_VOLUME UNITY_LIGHTMAP_RGBM_ENCODING ok=1
Cmd: shutdown
